package:media_kit_libs_linux registered.
try
[1, 1, 1, 1, 0, 32, 0, 32, 0, 0, 0, 0, 1, 0, 51, 3, 1, 0, 0, 0]
[1, 1, 1, 1, 0, 32, 0, 0, 4, 0, 0, 0, 1, 0, 51, 3, 1, 0, 0, 0]
[1, 1, 1, 1, 0, 32, 0, 0, 4, 0, 0, 0, 1, 0, 51, 3, 1, 0, 0, 0]
WGN On
[1, 1, 1, 1, 0, 32, 0, 0, 4, 0, 0, 0, 1, 0, 51, 3, 1, 0, 0, 0]
start
0x01010101002000000400
0x00000100
0x33
0x0301
0x0000
0.0017552375793457031 second transmition
0.001958131790161133 second transmition
0.0017635822296142578 second transmition
0.0015285015106201172 second transmition
0.0015609264373779297 second transmition
0.001714944839477539 second transmition
0.0015988349914550781 second transmition
0.0016770362854003906 second transmition
0.0015530586242675781 second transmition
0.001560211181640625 second transmition
0.0016226768493652344 second transmition
0.0016942024230957031 second transmition
0.0015063285827636719 second transmition
0.0016469955444335938 second transmition
0.0015950202941894531 second transmition
0.0017075538635253906 second transmition
0.001565694808959961 second transmition
0.0015702247619628906 second transmition
0.0017075538635253906 second transmition
0.0016782283782958984 second transmition
0.0015325546264648438 second transmition
0.0017189979553222656 second transmition
0.0016450881958007812 second transmition
0.0014948844909667969 second transmition
0.0016422271728515625 second transmition
0.0017135143280029297 second transmition
0.0015146732330322266 second transmition
0.001611948013305664 second transmition
0.0016374588012695312 second transmition
0.0016865730285644531 second transmition
0.001561880111694336 second transmition
0.0015823841094970703 second transmition
0.0017037391662597656 second transmition
0.0015223026275634766 second transmition
0.0015401840209960938 second transmition
0.0017206668853759766 second transmition
0.0016677379608154297 second transmition
0.0015230178833007812 second transmition
0.001596689224243164 second transmition
0.001638174057006836 second transmition
0.001493215560913086 second transmition
0.0016498565673828125 second transmition
0.0016145706176757812 second transmition
0.0015115737915039062 second transmition
0.001795053482055664 second transmition
0.0015826225280761719 second transmition
0.001710653305053711 second transmition
0.0015113353729248047 second transmition
0.0016362667083740234 second transmition
0.0015401840209960938 second transmition
0.0015110969543457031 second transmition
0.0016217231750488281 second transmition
0.00173187255859375 second transmition
0.001566171646118164 second transmition
0.0015118122100830078 second transmition
0.0022673606872558594 second transmition
0.0015561580657958984 second transmition
0.00186920166015625 second transmition
0.0017018318176269531 second transmition
0.0014925003051757812 second transmition
0.0017175674438476562 second transmition
0.0018093585968017578 second transmition
0.0016994476318359375 second transmition
0.0016970634460449219 second transmition
0.001552581787109375 second transmition
0.0016663074493408203 second transmition
0.0015673637390136719 second transmition
0.0017206668853759766 second transmition
0.0016689300537109375 second transmition
0.0017969608306884766 second transmition
0.0017230510711669922 second transmition
