00003072 f3 af 68 ce e3 d5 fb d3   4b ce fa c8 a9 c6 e6 c1 	..h.....  K.......
00003088 84 c1 6a c1 58 c2 6f c5   2e c8 e5 c8 ac c4 b5 c6 	..j.X.o.  ........
00003104 38 c3 d5 c1 bf c4 8d bf   09 be 4c bf d7 bd 21 c3 	8.......  ␉.L...!.
00003120 b2 c4 d3 c3 24 c4 5a bf   0b bf cc be 63 bf ca bd 	....$.Z.  ␋...c...
00003136 61 bb 23 bd e2 bc b5 bb   5c bb 38 b9 9a b6 e3 b3 	a.#.....  \.8.....
00003152 ae b1 7c b1 b0 b1 5e b3   e3 b6 95 b4 26 b4 4e b9 	..|...^.  ....&.N.
00003168 58 ba d2 b9 7d bc 18 bb   d2 b8 49 b9 b5 b4 c3 ba 	X...}.␘.  ..I.....
00003184 b1 ba 70 ba 85 b8 4a b6   aa ba fc b8 e4 b8 6a bb 	..p...J.  ......j.
00003200 44 b3 c1 b3 54 b4 ec b3   da b7 c4 b6 8e ba 65 bc 	D...T...  ......e.
00003216 e5 bc 49 c2 a4 c0 88 ba   ee ba 3b bf 3f bc 69 ba 	..I.....  ..;.?.i.
00003232 32 ba 51 ba d7 bb 48 ba   2a b9 53 bc 7f bd 33 bd 	2.Q...H.  *.S...3.
00003248 21 ba c4 b9 50 bb f4 b7   43 b9 a6 ba c0 ba ae b9 	!...P...  C.......
00003264 03 ba 0f bc f4 b9 68 b7   7d b7 0f b8 2c b7 c6 b3 	␃.␏...h.  }.␏.,...
00003280 0f b2 b0 b6 b1 b7 9c b3   5e b2 9b b2 6d b9 dd ba 	␏.......  ^...m...
00003296 36 b9 3c bb 64 bd aa bb   be bc a0 ba 28 bb fe b9 	6.<.d...  ....(...
00003312 c8 bc 5b be 4a bd 3f c0   ec bf 24 c3 d3 c3 3e c3 	..[.J.?.  ..$...>.
00003328 8d bf 7b c2 a3 c2 b8 bf   77 bf 7f be 29 bf ae bd 	..{.....  w...)...
00003344 bf ba 31 bd 53 bd e0 b9   0c ba 05 b9 0d bc 25 bb 	..1.S...  ␌.␅.␍.%.
00003360 fc bb e8 bc 85 bb cc bc   3a b7 3a b7 21 bd 3c bc 	........  :.:.!.<.
00003376 8f ba f3 bc 0c bd 56 bc   9d bf 08 b7 c4 b8 60 b8 	....␌.V.  ..␈...`.
00003392 61 b6 d5 b8 6c ba 82 b7   ce b8 ab b9 fb b9 23 b9 	a...l...  ......#.
00003408 4f b6 23 b7 46 b7 84 b6   e9 b5 af b4 01 b7 66 b5 	O.#.F...  ....␁.f.
00003424 69 b4 2b b8 2e b7 61 b7   ff b5 92 b0 08 b1 de b2 	i.+...a.  ....␈...
00003440 e4 b3 a7 b4 9d b4 a7 b7   50 ba f5 bb bc b8 70 b8 	........  P.....p.
00003456 59 b8 57 b5 cc b5 4f b5   65 b3 f4 b4 48 b7 99 b7 	Y.W...O.  e...H...
00003472 34 b8 7d bb 54 bb 0a ba   f8 b5 c0 b5 fb b4 38 b5 	4.}.T.␊.  ......8.
00003488 63 b8 eb b8 a4 b5 a5 b4   d4 b0 de af df ae 63 b1 	c.......  ......c.
00003504 b4 b2 69 b4 0c b4 71 b2   7c b2 f1 b3 c2 b4 ee b0 	..i.␌.q.  |.......
00003520 11 b0 0e b1 b5 b3 b7 b2   e6 b1 30 b5 78 b4 4a b2 	␑.␎.....  ..0.x.J.
00003536 d7 b3 3f b5 e2 b4 f7 b2   8e b4 29 b3 b7 b4 34 b1 	..?.....  ..)...4.
00003552 c9 ad 56 ae a4 b0 39 b0   29 af 9f ae 99 af a7 af 	..V...9.  ).......
00003568 97 b0 e4 b1 4a b2 64 b1   cf b0 b3 af bb af 19 b1 	....J.d.  ......␙.
00003584 1c b5 3d b4 da b2 43 b2   7f b5 d4 b7 80 b7 13 b8 	␜.=...C.  ......␓.
00003600 b6 b8 a8 b7 03 b5 41 b5   5d b6 d2 b5 bd b5 6f b3 	....␃.A.  ].....o.
00003616 40 b5 b5 b3 e5 b3 9d b5   2b ba bb b7 a2 b6 21 b9 	@.......  +.....!.
00003632 a8 b8 74 b9 81 b6 50 b5   c4 b3 5e b5 84 b4 9c b5 	..t...P.  ..^.....
00003648 29 b6 4b b7 70 b6 b4 b7   83 b5 09 b1 90 b1 91 b3 	).K.p...  ..␉.....
00003664 8d b2 7e b0 d3 b0 13 b0   c2 ae 2a ab 5c ac f5 ad 	..~...␓.  ..*.\...
00003680 de ac 16 a9 86 a9 c5 a9   4f ac e1 ac 8a ac 80 b0 	..␖.....  O.......
00003696 c3 b2 0c b2 e7 ae 48 b1   7e b0 b1 ad a2 ae fc b0 	..␌...H.  ~.......
00003712 81 ae 03 ac cf ad b6 ae   d4 b0 75 ae 9a a8 1e ab 	..␃.....  ..u...␞.
00003728 63 ad 12 ac 4e ad 0f af   99 ac 6c ad e2 ac cc ae 	c.␒.N.␏.  ..l.....
00003744 83 b5 63 b7 36 b7 ff b6   e0 b3 64 b0 86 b0 0b b2 	..c.6...  ..d...␋.
00003760 29 b1 54 b5 07 b4 5c ae   5e ac 65 ae cf b1 41 b2 	).T.␇.\.  ^.e...A.
00003776 58 b1 a4 b0 c2 ae cf b0   0e b3 a2 af e5 af 18 ae 	X.......  ␎.....␘.
00003792 fb ab e6 ac ca ad 07 b2   68 b1 6c b1 cb b2 31 b3 	......␇.  h.l...1.
00003808 2b b3 e6 b6 50 ba 93 ba   f9 ba 9c ba ab b8 b1 b8 	+...P...  ........
00003824 9c b8 b5 b8 18 bb 4d b8   b4 b8 81 b4 19 b7 5f bb 	....␘.M.  ....␙._.
00003840 3d bc 33 ba bd b6 77 b5   bf b9 f4 bb d3 ba e2 ba 	=.3...w.  ........
00003856 93 b9 b9 bb 13 b9 bc bb   96 b8 f6 bc e1 bc e5 b7 	....␓...  ........
00003872 9d b6 f7 b4 82 b2 6b b2   b0 b5 26 b8 96 b8 e2 b9 	......k.  ..&.....
00003888 b9 b7 5e b3 06 b0 4a b1   a4 b2 6d b0 91 b1 52 b5 	..^.␆.J.  ..m...R.
00003904 d8 b2 28 b1 cf b2 9a b5   27 b2 03 b1 7a b4 a4 b2 	..(.....  '.␃.z...
00003920 40 ad 94 b5 4f b8 2e b1   0a b1 db b2 19 b2 e6 b5 	@...O...  ␊...␙...
00003936 21 b6 8f b2 3b af 0c ad   51 aa cf a8 8c aa eb ad 	!...;.␌.  Q.......
00003952 50 b1 37 ac f1 ad e3 ac   04 aa 70 a6 2c ad 62 b0 	P.7.....  ␄.p.,.b.
00003968 76 ae 6b ae 2c af ec ac   5e a9 35 ab 0b af 05 aa 	v.k.,...  ^.5.␋.␅.
00003984 0f a6 2c a8 fb a7 52 a7   ac a6 76 a5 e6 a9 89 a9 	␏.,...R.  ..v.....
00004000 ad a8 df a9 c4 a7 04 a7   65 a8 f3 ab fb af 64 af 	......␄.  e.....d.
00004016 86 ab f1 a8 99 ab 17 ae   b0 aa a5 aa ab ab 68 ab 	......␗.  ......h.
00004032 1c a9 63 af 26 ac b7 a7   98 a7 5d aa fc ab fc b0 	␜.c.&...  ..].....
00004048 ea b4 6f b8 6a b9 a1 b6   1e ba 22 be d8 ba f5 bb 	..o.j...  ␞.".....
00004064 c0 ba b2 b6 2a b5 b8 b9   a7 b9 61 ba 1e bd 4e ba 	....*...  ..a.␞.N.
00004080 20 b7 33 b8 3a b6 fc b2   41 b6 6f b7 db b4 43 ae 	 .3.:...  A.o...C.