5
-7
-15
-20
-32
-23
-6
7
8
14
35
18
6
22
25
9
6
2
-30
-43
-46
-24
-2
-10
-29
-22
9
27
26
18
20
2
-8
15
13
11
26
26
16
2
2
-3
-1
13
30
31
12
-5
-17
-28
-17
-14
-9
-12
-10
-8
-29
-50
-29
-13
-8
-1
-6
-29
-51
-52
-38
-7
22
30
29
18
17
9
-10
-16
-7
-22
-48
-45
-32
-34
-41
-40
-27
-25
-11
-4
0
13
10
-9
-29
-36
-37
-22
10
25
30
31
6
-27
-25
-6
20
36
20
20
-3
-29
-20
-18
-15
-1
2
12
-21
-36
-32
-8
-28
-35
-40
-30
-3
-6
-16
2
12
17
3
-25
-19
4
16
31
34
39
41
17
-24
-56
-67
-59
-53
-38
-17
-7
12
24
5
-1
25
34
41
44
46
49
41
28
17
7
-6
-28
-51
-56
-54
-49
-32
-7
23
32
33
16
-5
-9
-27
-34
-37
-36
-29
-15
-4
2
5
-2
-3
-2
-8
-26
-34
-44
-43
-29
-14
-2
13
16
18
4
0
9
24
27
38
71
95
79
50
14
-14
-13
1
1
-20
-38
-38
-21
-21
-30
-29
-37
-38
-41
-49
-46
-45
-46
-29
-7
12
15
11
10
11
11
21
36
28
17
14
8
3
10
-1
-5
-20
-34
-33
-42
-51
-41
-24
-15
-21
-28
-19
4
19
11
11
17
7
-7
-8
-7
1
-9
-34
-29
-6
-17
-32
-29
-24
-28
-23
11
25
17
8
26
35
20
-11
1
33
43
44
29
8
-14
-19
-6
-10
-17
-12
-30
-29
-18
-17
-21
-14
7
10
-14
3
26
9
-4
-3
-10
-9
-3
-15
-30
-27
-29
-30
-39
-50
-48
-27
-43
-62
-46
-16
-24
-34
-24
-11
-2
-12
-13
-17
-33
-32
-6
9
-7
-21
-26
-19
-10
-10
-13
-12
-30
-53
-47
-13
7
9
-6
-42
-57
-38
-19
2
10
-14
-28
-29
-7
26
40
44
29
15
20
13
8
15
23
29
37
43
42
50
36
-19
-44
-45
-41
-48
-29
-1
18
32
49
33
-20
-38
-48
-50
-31
7
27
25
17
9
1
-3
-12
-4
14
26
30
28
20
22
10
5
16
19
5
-19
-32
-9
4
-7
-29
-27
-24
-26
-21
-2
-5
-20
-25
-29
-29
-19
0
16
29
15
6
9
-7
-26
-37
-45
-37
-36
-28
-18
-21
-43
-59
-43
-39
-46
-52
-35
2
5
-10
-28
-46
-52
-46
-41
-17
-1
12
27
10
2
6
18
15
13
-1
-26
-35
-20
-7
-31
-11
10
36
39
12
-6
3
10
-6
-9
-30
-40
-27
-19
-5
-7
-1
1
-2
-8
-3
9
5
9
1
-27
-37
-40
-36
-28
-24
-20
-36
-9
-72
-31
-60
-59
30
41
40
-4
60
71
-65
7
94
-24
-17
-1
-59
-148
-60
-51
82
3
-76
-85
59
95
59
-6
6
26
-96
24
89
-44
49
71
-5
-22
-41
7
-24
34
66
77
-16
-51
-48
-87
-30
15
-15
-13
-28
18
-60
-118
-87
71
-16
24
-3
-58
-145
-92
-55
32
106
78
64
-17
-6
27
-51
-68
-11
1
-142
-104
-26
-15
-57
-87
-17
-13
-8
30
3
25
52
-48
-85
-94
-54
-30
63
101
50
53
4
-136
-82
5
69
109
43
-48
33
-128
-71
29
-58
28
7
21
9
-168
-61
21
-4
-109
-52
-67
38
62
-78
-6
71
13
33
-106
-76
38
57
67
58
46
67
42
-143
-163
-136
-97
-42
-40
20
12
45
68
21
-88
53
97
47
80
45
70
46
5
-8
-14
-38
-61
-143
-107
-70
-67
-44
48
80
94
50
16
-85
-31
-52
-84
-64
-60
-33
3
23
20
16
1
-36
-3
-3
-67
-76
-77
-86
-26
11
37
19
71
2
14
-55
18
47
66
34
121
208
128
0
-54
-109
-63
17
37
-60
-100
-91
0
9
-67
-49
-39
-77
-42
-90
-71
-36
-87
-20
14
78
40
7
5
1
19
12
76
64
-23
10
-6
-34
20
0
-32
-36
-104
-56
-51
-101
-71
5
19
-23
-55
-42
42
74
27
-21
32
14
-44
-35
-4
-18
25
-106
-84
35
10
-102
-56
-18
-33
-54
40
115
25
-26
18
102
33
-87
-66
98
115
53
31
-25
-93
-67
-8
18
-52
-23
-30
-108
22
-24
-21
-43
36
65
-58
-63
119
35
-76
7
-39
-17
-7
-2
-86
-62
-21
-48
-58
-89
-86
-16
-12
-133
-99
44
18
-85
-55
30
21
-17
-45
-15
-71
-97
29
80
-11
-74
-45
-49
14
-1
-32
-8
-44
-115
-131
44
73
34
-10
-115
-171
-44
19
28
82
-36
-112
-65
-6
97
124
52
68
-69
22
28
-21
20
30
60
45
75
46
66
82
-125
-186
-86
-39
-75
-48
53
73
67
95
91
-106
-171
-88
-84
-49
69
129
42
-10
-1
-38
-3
-35
-39
62
60
46
51
4
9
9
-47
28
56
-11
-59
-120
5
48
13
-93
-76
-13
-42
-38
21
27
-43
-89
-35
-45
-40
30
61
75
30
-43
17
-12
-88
-94
-63
-80
-11
-58
10
-9
-77
-146
-76
4
-75
-82
-72
74
77
-28
-89
-83
-137
-43
-56
4
56
35
68
22
-53
-6
47
40
-12
-3
-73
-122
-28
56
-68
-66
86
77
122
-20
-80
-17
46
-12
-51
-33
-145
-9
-10
21
3
-25
29
-16
-17
-30
36
38
-26
33
-95
-103
-58
-61
-15
-24
-32
-6
-164
